# JRE version: OpenJDK Runtime Environment 18.9 (11.0.13+8) (build 11.0.13+8)
# Java VM: OpenJDK 64-Bit Server VM 18.9 (11.0.13+8, mixed mode, tiered, compressed oops, g1 gc, windows-amd64)
Heap:
 garbage-first heap   total 486400K, used 324439K [0x0000000080000000, 0x0000000100000000)
  region size 1024K, 199 young (203776K), 7 survivors (7168K)
 Metaspace       used 106771K, capacity 110194K, committed 110288K, reserved 612352K
  class space    used 13697K, capacity 14960K, committed 14976K, reserved 516096K
GC Heap History (20 events):
Event: 85.449 GC heap before
{Heap before GC invocations=40 (full 0):
 garbage-first heap   total 157696K, used 119133K [0x0000000080000000, 0x0000000100000000)
  region size 1024K, 12 young (12288K), 1 survivors (1024K)
 Metaspace       used 87298K, capacity 90031K, committed 90192K, reserved 595968K
  class space    used 11176K, capacity 12232K, committed 12288K, reserved 516096K
}
Event: 85.456 GC heap after
{Heap after GC invocations=41 (full 0):
 garbage-first heap   total 157696K, used 113630K [0x0000000080000000, 0x0000000100000000)
  region size 1024K, 2 young (2048K), 2 survivors (2048K)
 Metaspace       used 87298K, capacity 90031K, committed 90192K, reserved 595968K
  class space    used 11176K, capacity 12232K, committed 12288K, reserved 516096K
}
Event: 85.573 GC heap before
{Heap before GC invocations=42 (full 0):
 garbage-first heap   total 157696K, used 111582K [0x0000000080000000, 0x0000000100000000)
  region size 1024K, 12 young (12288K), 2 survivors (2048K)
 Metaspace       used 87350K, capacity 90102K, committed 90192K, reserved 595968K
  class space    used 11183K, capacity 12234K, committed 12288K, reserved 516096K
}
Event: 85.583 GC heap after
{Heap after GC invocations=43 (full 0):
 garbage-first heap   total 157696K, used 105536K [0x0000000080000000, 0x0000000100000000)
  region size 1024K, 2 young (2048K), 2 survivors (2048K)
 Metaspace       used 87350K, capacity 90102K, committed 90192K, reserved 595968K
  class space    used 11183K, capacity 12234K, committed 12288K, reserved 516096K
}
Event: 85.603 GC heap before
{Heap before GC invocations=43 (full 0):
 garbage-first heap   total 157696K, used 111680K [0x0000000080000000, 0x0000000100000000)
  region size 1024K, 7 young (7168K), 2 survivors (2048K)
 Metaspace       used 87354K, capacity 90106K, committed 90192K, reserved 595968K
  class space    used 11183K, capacity 12235K, committed 12288K, reserved 516096K
}
Event: 85.610 GC heap after
{Heap after GC invocations=44 (full 0):
 garbage-first heap   total 157696K, used 110136K [0x0000000080000000, 0x0000000100000000)
  region size 1024K, 1 young (1024K), 1 survivors (1024K)
 Metaspace       used 87354K, capacity 90106K, committed 90192K, reserved 595968K
  class space    used 11183K, capacity 12235K, committed 12288K, reserved 516096K
}
Event: 85.786 GC heap before
{Heap before GC invocations=44 (full 0):
 garbage-first heap   total 157696K, used 120376K [0x0000000080000000, 0x0000000100000000)
  region size 1024K, 12 young (12288K), 1 survivors (1024K)
 Metaspace       used 87404K, capacity 90123K, committed 90192K, reserved 595968K
  class space    used 11190K, capacity 12241K, committed 12288K, reserved 516096K
}
Event: 85.798 GC heap after
{Heap after GC invocations=45 (full 0):
 garbage-first heap   total 314368K, used 116736K [0x0000000080000000, 0x0000000100000000)
  region size 1024K, 2 young (2048K), 2 survivors (2048K)
 Metaspace       used 87404K, capacity 90123K, committed 90192K, reserved 595968K
  class space    used 11190K, capacity 12241K, committed 12288K, reserved 516096K
}
Event: 88.604 GC heap before
{Heap before GC invocations=46 (full 0):
 garbage-first heap   total 314368K, used 175104K [0x0000000080000000, 0x0000000100000000)
  region size 1024K, 55 young (56320K), 2 survivors (2048K)
 Metaspace       used 88406K, capacity 91348K, committed 91600K, reserved 595968K
  class space    used 11285K, capacity 12404K, committed 12416K, reserved 516096K
}
Event: 88.616 GC heap after
{Heap after GC invocations=47 (full 0):
 garbage-first heap   total 314368K, used 131039K [0x0000000080000000, 0x0000000100000000)
  region size 1024K, 7 young (7168K), 7 survivors (7168K)
 Metaspace       used 88406K, capacity 91348K, committed 91600K, reserved 595968K
  class space    used 11285K, capacity 12404K, committed 12416K, reserved 516096K
}
Event: 88.662 GC heap before
{Heap before GC invocations=47 (full 0):
 garbage-first heap   total 314368K, used 139231K [0x0000000080000000, 0x0000000100000000)
  region size 1024K, 15 young (15360K), 7 survivors (7168K)
 Metaspace       used 88419K, capacity 91348K, committed 91600K, reserved 595968K
  class space    used 11285K, capacity 12404K, committed 12416K, reserved 516096K
}
Event: 88.683 GC heap after
{Heap after GC invocations=48 (full 0):
 garbage-first heap   total 314368K, used 123210K [0x0000000080000000, 0x0000000100000000)
  region size 1024K, 2 young (2048K), 2 survivors (2048K)
 Metaspace       used 88419K, capacity 91348K, committed 91600K, reserved 595968K
  class space    used 11285K, capacity 12404K, committed 12416K, reserved 516096K
}
Event: 89.008 GC heap before
{Heap before GC invocations=48 (full 0):
 garbage-first heap   total 314368K, used 180554K [0x0000000080000000, 0x0000000100000000)
  region size 1024K, 58 young (59392K), 2 survivors (2048K)
 Metaspace       used 88423K, capacity 91348K, committed 91600K, reserved 595968K
  class space    used 11286K, capacity 12404K, committed 12416K, reserved 516096K
}
Event: 89.019 GC heap after
{Heap after GC invocations=49 (full 0):
 garbage-first heap   total 314368K, used 125116K [0x0000000080000000, 0x0000000100000000)
  region size 1024K, 3 young (3072K), 3 survivors (3072K)
 Metaspace       used 88423K, capacity 91348K, committed 91600K, reserved 595968K
  class space    used 11286K, capacity 12404K, committed 12416K, reserved 516096K
}
Event: 89.257 GC heap before
{Heap before GC invocations=49 (full 0):
 garbage-first heap   total 314368K, used 189628K [0x0000000080000000, 0x0000000100000000)
  region size 1024K, 66 young (67584K), 3 survivors (3072K)
 Metaspace       used 88435K, capacity 91348K, committed 91600K, reserved 595968K
  class space    used 11286K, capacity 12404K, committed 12416K, reserved 516096K
}
Event: 89.267 GC heap after
{Heap after GC invocations=50 (full 0):
 garbage-first heap   total 486400K, used 126140K [0x0000000080000000, 0x0000000100000000)
  region size 1024K, 4 young (4096K), 4 survivors (4096K)
 Metaspace       used 88435K, capacity 91348K, committed 91600K, reserved 595968K
  class space    used 11286K, capacity 12404K, committed 12416K, reserved 516096K
}
Event: 90.224 GC heap before
{Heap before GC invocations=50 (full 0):
 garbage-first heap   total 486400K, used 252092K [0x0000000080000000, 0x0000000100000000)
  region size 1024K, 127 young (130048K), 4 survivors (4096K)
 Metaspace       used 88639K, capacity 91538K, committed 91728K, reserved 595968K
  class space    used 11298K, capacity 12425K, committed 12544K, reserved 516096K
}
Event: 90.239 GC heap after
{Heap after GC invocations=51 (full 0):
 garbage-first heap   total 486400K, used 129378K [0x0000000080000000, 0x0000000100000000)
  region size 1024K, 8 young (8192K), 8 survivors (8192K)
 Metaspace       used 88639K, capacity 91538K, committed 91728K, reserved 595968K
  class space    used 11298K, capacity 12425K, committed 12544K, reserved 516096K
}
Event: 92.245 GC heap before
{Heap before GC invocations=51 (full 0):
 garbage-first heap   total 486400K, used 290146K [0x0000000080000000, 0x0000000100000000)
  region size 1024K, 166 young (169984K), 8 survivors (8192K)
 Metaspace       used 92254K, capacity 95271K, committed 95440K, reserved 600064K
  class space    used 11728K, capacity 12901K, committed 12928K, reserved 516096K
}
Event: 92.253 GC heap after
{Heap after GC invocations=52 (full 0):
 garbage-first heap   total 486400K, used 128855K [0x0000000080000000, 0x0000000100000000)
  region size 1024K, 7 young (7168K), 7 survivors (7168K)
 Metaspace       used 92254K, capacity 95271K, committed 95440K, reserved 600064K
  class space    used 11728K, capacity 12901K, committed 12928K, reserved 516096K
}

